2025-05-13 16:37:53,224 - ERROR - 数据加载失败: Unknown string format: 2024-09-12T00:00:00.000Z;"2024-09-12T23:59:59.999Z";"2024-09-12T14:35:00.000Z";"2024-09-12T00:00:00.000Z";"2781";57343.1725885899;58534.3583794247;57330.1007544746;58127.010836944;33835707948.72;1148268024284.08;"2024-09-12T23:59:59.999Z"
2025-05-13 16:37:53,225 - ERROR - 程序执行失败: Unknown string format: 2024-09-12T00:00:00.000Z;"2024-09-12T23:59:59.999Z";"2024-09-12T14:35:00.000Z";"2024-09-12T00:00:00.000Z";"2781";57343.1725885899;58534.3583794247;57330.1007544746;58127.010836944;33835707948.72;1148268024284.08;"2024-09-12T23:59:59.999Z"
2025-05-13 16:45:59,404 - ERROR - 数据加载失败: Unknown string format: 2024-09-12T00:00:00.000Z;"2024-09-12T23:59:59.999Z";"2024-09-12T14:35:00.000Z";"2024-09-12T00:00:00.000Z";"2781";57343.1725885899;58534.3583794247;57330.1007544746;58127.010836944;33835707948.72;1148268024284.08;"2024-09-12T23:59:59.999Z"
2025-05-13 16:45:59,405 - ERROR - 程序执行失败: Unknown string format: 2024-09-12T00:00:00.000Z;"2024-09-12T23:59:59.999Z";"2024-09-12T14:35:00.000Z";"2024-09-12T00:00:00.000Z";"2781";57343.1725885899;58534.3583794247;57330.1007544746;58127.010836944;33835707948.72;1148268024284.08;"2024-09-12T23:59:59.999Z"
2025-05-13 16:47:19,974 - INFO - 数据加载完成，共 986 条记录
2025-05-13 16:47:19,979 - INFO - 特征创建完成
2025-05-13 16:47:19,980 - ERROR - 训练数据准备失败: Found array with 0 sample(s) (shape=(0, 9)) while a minimum of 1 is required by MinMaxScaler.
2025-05-13 16:47:19,980 - ERROR - 程序执行失败: Found array with 0 sample(s) (shape=(0, 9)) while a minimum of 1 is required by MinMaxScaler.
2025-05-13 16:48:05,020 - INFO - 数据加载完成，共 986 条记录
2025-05-13 16:48:05,020 - INFO - 开始创建特征，数据框大小: (986, 15)
2025-05-13 16:48:05,025 - INFO - 删除NaN后，行数从 986 减少到 0
2025-05-13 16:48:05,025 - ERROR - 删除NaN后数据框为空
2025-05-13 16:48:05,025 - ERROR - 特征创建失败: 删除NaN后数据框为空
2025-05-13 16:48:05,025 - ERROR - 程序执行失败: 删除NaN后数据框为空
2025-05-13 16:48:34,726 - INFO - 原始价格数据大小: (1043, 12)
2025-05-13 16:48:34,726 - INFO - 价格数据列: ['timeOpen', 'timeClose', 'timeHigh', 'timeLow', 'name', 'open', 'high', 'low', 'close', 'volume', 'marketCap', 'timestamp']
2025-05-13 16:48:34,730 - INFO - 过滤掉未来日期后的价格数据大小: (1043, 13)
2025-05-13 16:48:34,734 - INFO - 原始情绪数据大小: (986, 3)
2025-05-13 16:48:34,734 - INFO - 情绪数据列: ['date', 'sentiment_score', 'news_count']
2025-05-13 16:48:34,737 - INFO - 合并后的数据大小: (986, 15)
2025-05-13 16:48:34,739 - INFO - 数据加载完成，共 986 条记录
2025-05-13 16:48:34,739 - INFO - 数据列: ['timeOpen', 'timeClose', 'timeHigh', 'timeLow', 'name', 'Open', 'High', 'Low', 'Close', 'Volume', 'MarketCap', 'timestamp', 'date', 'sentiment_score', 'news_count']
2025-05-13 16:48:34,740 - WARNING - 数据中包含NaN值: timeOpen             0
timeClose          986
timeHigh           986
timeLow            986
name               986
Open               986
High               986
Low                986
Close              986
Volume             986
MarketCap          986
timestamp          986
date                 0
sentiment_score      0
news_count           0
dtype: int64
2025-05-13 16:48:34,741 - INFO - 开始创建特征，数据框大小: (986, 15)
2025-05-13 16:48:34,746 - INFO - 删除NaN后，行数从 986 减少到 0
2025-05-13 16:48:34,746 - ERROR - 删除NaN后数据框为空
2025-05-13 16:48:34,747 - ERROR - 特征创建失败: 删除NaN后数据框为空
2025-05-13 16:48:34,747 - ERROR - 程序执行失败: 删除NaN后数据框为空
2025-05-13 17:03:40,985 - ERROR - 数据加载失败: [Errno 2] No such file or directory: 'cleaned_reversed_bitcoin_data.csv'
2025-05-13 17:03:40,985 - ERROR - 程序执行失败: [Errno 2] No such file or directory: 'cleaned_reversed_bitcoin_data.csv'
2025-05-13 17:04:29,343 - INFO - 原始价格数据大小: (1043, 12)
2025-05-13 17:04:29,347 - INFO - 过滤掉未来日期后的价格数据大小: (1043, 13)
2025-05-13 17:04:29,350 - INFO - 原始情绪数据大小: (986, 2)
2025-05-13 17:04:29,355 - INFO - 合并后的数据大小: (986, 14)
2025-05-13 17:04:29,367 - INFO - 数据前5行:
                                                     timeOpen  timeClose  ...        date  sentiment_score
Date                                                                      ...                             
2021-11-05  2021-11-05T00:00:00.000Z;2021-11-05T23:59:59.9...        NaN  ...  2021-11-05              0.2
2021-11-06  2021-11-06T00:00:00.000Z;2021-11-06T23:59:59.9...        NaN  ...  2021-11-06              0.2
2021-11-07  2021-11-07T00:00:00.000Z;2021-11-07T23:59:59.9...        NaN  ...  2021-11-07              0.0
2021-11-08  2021-11-08T00:00:00.000Z;2021-11-08T23:59:59.9...        NaN  ...  2021-11-08              0.2
2021-11-09  2021-11-09T00:00:00.000Z;2021-11-09T23:59:59.9...        NaN  ...  2021-11-09              0.4

[5 rows x 14 columns]
2025-05-13 17:04:29,367 - INFO - 数据加载完成，共 986 条记录
2025-05-13 17:04:29,367 - INFO - 数据列: ['timeOpen', 'timeClose', 'timeHigh', 'timeLow', 'name', 'Open', 'High', 'Low', 'Close', 'Volume', 'MarketCap', 'timestamp', 'date', 'sentiment_score']
2025-05-13 17:04:29,369 - WARNING - 数据中包含NaN值: timeOpen             0
timeClose          986
timeHigh           986
timeLow            986
name               986
Open               986
High               986
Low                986
Close              986
Volume             986
MarketCap          986
timestamp          986
date                 0
sentiment_score      0
dtype: int64
2025-05-13 17:04:29,371 - INFO - 已使用前向填充(ffill)处理NaN值
2025-05-13 17:04:29,371 - INFO - 开始创建特征，数据框大小: (986, 14)
2025-05-13 17:04:29,375 - INFO - 在 Open 列中填充 986 个NaN值
2025-05-13 17:04:29,375 - INFO - 在 High 列中填充 986 个NaN值
2025-05-13 17:04:29,376 - INFO - 在 Low 列中填充 986 个NaN值
2025-05-13 17:04:29,377 - INFO - 在 Close 列中填充 986 个NaN值
2025-05-13 17:04:29,378 - INFO - 在 Volume 列中填充 986 个NaN值
2025-05-13 17:04:29,378 - INFO - 在 MA5 列中填充 986 个NaN值
2025-05-13 17:04:29,379 - INFO - 在 MA10 列中填充 986 个NaN值
2025-05-13 17:04:29,379 - INFO - 在 Volatility 列中填充 986 个NaN值
2025-05-13 17:04:29,381 - INFO - 删除NaN后，行数从 986 减少到 0
2025-05-13 17:04:29,381 - ERROR - 删除NaN后数据框为空
2025-05-13 17:04:29,381 - ERROR - 特征创建失败: 删除NaN后数据框为空
2025-05-13 17:04:29,382 - ERROR - 程序执行失败: 删除NaN后数据框为空
2025-05-13 17:05:31,015 - INFO - 读取原始价格数据，行数: 1043
2025-05-13 17:05:31,046 - INFO - 过滤掉未来日期后的价格数据大小: (1043, 13)
2025-05-13 17:05:31,049 - INFO - 原始情绪数据大小: (986, 2)
2025-05-13 17:05:31,083 - INFO - 合并后的数据大小: (986, 14)
2025-05-13 17:05:31,096 - INFO - 数据前5行:
                            timeOpen                 timeClose  ...        date sentiment_score
Date                                                            ...                            
2021-11-05  2021-11-05T00:00:00.000Z  2021-11-05T23:59:59.999Z  ...  2021-11-05             0.2
2021-11-06  2021-11-06T00:00:00.000Z  2021-11-06T23:59:59.999Z  ...  2021-11-06             0.2
2021-11-07  2021-11-07T00:00:00.000Z  2021-11-07T23:59:59.999Z  ...  2021-11-07             0.0
2021-11-08  2021-11-08T00:00:00.000Z  2021-11-08T23:59:59.999Z  ...  2021-11-08             0.2
2021-11-09  2021-11-09T00:00:00.000Z  2021-11-09T23:59:59.999Z  ...  2021-11-09             0.4

[5 rows x 14 columns]
2025-05-13 17:05:31,096 - INFO - 数据加载完成，共 986 条记录
2025-05-13 17:05:31,096 - INFO - 数据列: ['timeOpen', 'timeClose', 'timeHigh', 'timeLow', 'name', 'Open', 'High', 'Low', 'Close', 'Volume', 'MarketCap', 'timestamp', 'date', 'sentiment_score']
2025-05-13 17:05:31,098 - INFO - 开始创建特征，数据框大小: (986, 14)
2025-05-13 17:05:31,102 - INFO - 在 MA5 列中填充 4 个NaN值
2025-05-13 17:05:31,103 - INFO - 在 MA10 列中填充 9 个NaN值
2025-05-13 17:05:31,103 - INFO - 在 Volatility 列中填充 5 个NaN值
2025-05-13 17:05:31,105 - INFO - 删除NaN后，行数从 986 减少到 977
2025-05-13 17:05:31,106 - INFO - 特征创建完成
2025-05-13 17:05:31,106 - INFO - 开始准备训练数据，数据框大小: (977, 20)
2025-05-13 17:05:31,107 - INFO - 特征矩阵大小: (977, 9)
2025-05-13 17:05:31,107 - INFO - 删除NaN后，特征矩阵大小: (976, 9), 目标变量大小: (976,)
2025-05-13 17:05:31,109 - INFO - 训练数据准备完成
2025-05-13 17:05:31,355 - INFO - 模型训练完成
2025-05-13 17:05:31,355 - INFO - 均方误差: 33646084.91
2025-05-13 17:05:31,355 - INFO - R2分数: -0.68
2025-05-13 17:05:32,075 - INFO - 结果图表已保存
2025-05-13 17:05:32,079 - INFO - 所有处理完成
